  [1m[36m (3.4ms)[0m  [1mCREATE TABLE "schema_migrations" ("version" varchar NOT NULL) [0m
  [1m[35m (0.3ms)[0m  select sqlite_version(*)
  [1m[36m (1.3ms)[0m  [1mCREATE UNIQUE INDEX "unique_schema_migrations" ON "schema_migrations" ("version")[0m
  [1m[35mActiveRecord::SchemaMigration Load (0.1ms)[0m  SELECT "schema_migrations".* FROM "schema_migrations"
Migrating to CreateEvents (20160321234630)
  [1m[36m (0.1ms)[0m  [1mbegin transaction[0m
  [1m[35m (0.3ms)[0m  CREATE TABLE "events" ("id" INTEGER PRIMARY KEY AUTOINCREMENT NOT NULL, "name" varchar, "location" varchar, "created_at" datetime NOT NULL, "updated_at" datetime NOT NULL) 
  [1m[36mSQL (0.2ms)[0m  [1mINSERT INTO "schema_migrations" ("version") VALUES (?)[0m  [["version", "20160321234630"]]
  [1m[35m (1.2ms)[0m  commit transaction
  [1m[36mActiveRecord::SchemaMigration Load (0.1ms)[0m  [1mSELECT "schema_migrations".* FROM "schema_migrations"[0m


Started GET "/events" for ::1 at 2016-03-21 19:46:55 -0400
  [1m[36mActiveRecord::SchemaMigration Load (0.1ms)[0m  [1mSELECT "schema_migrations".* FROM "schema_migrations"[0m
Processing by EventsController#index as HTML
  [1m[35mEvent Load (0.1ms)[0m  SELECT "events".* FROM "events"
  Rendered events/index.html.erb within layouts/application (3.3ms)
Completed 200 OK in 1442ms (Views: 1431.3ms | ActiveRecord: 0.2ms)


Started GET "/assets/events.self-e3b0c44298fc1c149afbf4c8996fb92427ae41e4649b934ca495991b7852b855.css?body=1" for ::1 at 2016-03-21 19:46:57 -0400


Started GET "/assets/scaffolds.self-d06d9d33d32a309c70311ce3cf18445d6a746f49bb9a4108fc6fdb27dce2ed34.css?body=1" for ::1 at 2016-03-21 19:46:57 -0400


Started GET "/assets/turbolinks.self-c37727e9bd6b2735da5c311aa83fead54ed0be6cc8bd9a65309e9c5abe2cbfff.js?body=1" for ::1 at 2016-03-21 19:46:57 -0400


Started GET "/assets/events.self-877aef30ae1b040ab8a3aba4e3e309a11d7f2612f44dde450b5c157aa5f95c05.js?body=1" for ::1 at 2016-03-21 19:46:57 -0400


Started GET "/assets/application.self-3b8dabdc891efe46b9a144b400ad69e37d7e5876bdc39dee783419a69d7ca819.js?body=1" for ::1 at 2016-03-21 19:46:57 -0400


Started GET "/events/new" for ::1 at 2016-03-21 19:46:58 -0400
Processing by EventsController#new as HTML
  Rendered events/_form.html.erb (33.2ms)
  Rendered events/new.html.erb within layouts/application (58.0ms)
Completed 200 OK in 82ms (Views: 78.1ms | ActiveRecord: 0.2ms)


Started POST "/events" for ::1 at 2016-03-21 19:47:13 -0400
Processing by EventsController#create as HTML
  Parameters: {"utf8"=>"✓", "authenticity_token"=>"zxWBRS4ciKDjr6T2om7iElzicFN/iTF76N6r+qrEOuFGhpWfoKkkJqxECDGUZ4BTQXQ4+S1PFwZ/vDMK77F3Gg==", "event"=>{"name"=>"Wedding", "location"=>"San Francisco"}, "commit"=>"Create Event"}
  [1m[36m (0.1ms)[0m  [1mbegin transaction[0m
  [1m[35mSQL (0.3ms)[0m  INSERT INTO "events" ("name", "location", "created_at", "updated_at") VALUES (?, ?, ?, ?)  [["name", "Wedding"], ["location", "San Francisco"], ["created_at", "2016-03-21 23:47:13.769674"], ["updated_at", "2016-03-21 23:47:13.769674"]]
  [1m[36m (1.3ms)[0m  [1mcommit transaction[0m
Redirected to http://localhost:3000/events/1
Completed 302 Found in 8ms (ActiveRecord: 1.7ms)


Started GET "/events/1" for ::1 at 2016-03-21 19:47:13 -0400
Processing by EventsController#show as HTML
  Parameters: {"id"=>"1"}
  [1m[35mEvent Load (0.2ms)[0m  SELECT  "events".* FROM "events" WHERE "events"."id" = ? LIMIT 1  [["id", 1]]
  Rendered events/show.html.erb within layouts/application (0.9ms)
Completed 200 OK in 29ms (Views: 20.7ms | ActiveRecord: 0.2ms)


Started GET "/events" for ::1 at 2016-03-21 19:47:16 -0400
Processing by EventsController#index as HTML
  [1m[36mEvent Load (0.1ms)[0m  [1mSELECT "events".* FROM "events"[0m
  Rendered events/index.html.erb within layouts/application (1.8ms)
Completed 200 OK in 27ms (Views: 25.7ms | ActiveRecord: 0.1ms)


Started GET "/events/new" for ::1 at 2016-03-21 19:47:17 -0400
Processing by EventsController#new as HTML
  Rendered events/_form.html.erb (2.5ms)
  Rendered events/new.html.erb within layouts/application (5.2ms)
Completed 200 OK in 27ms (Views: 26.6ms | ActiveRecord: 0.0ms)


Started POST "/events" for ::1 at 2016-03-21 19:47:28 -0400
Processing by EventsController#create as HTML
  Parameters: {"utf8"=>"✓", "authenticity_token"=>"b7OW+xJVEtZsEX+oG2BGRCjgxTQKVsAQssieX+QjdmLmIIIhnOC+UCP6028taSQFNXaNnliQ5m0lqgavoVY7mQ==", "event"=>{"name"=>"Nail Painting Party", "location"=>"Hub House"}, "commit"=>"Create Event"}
  [1m[35m (0.1ms)[0m  begin transaction
  [1m[36mSQL (0.2ms)[0m  [1mINSERT INTO "events" ("name", "location", "created_at", "updated_at") VALUES (?, ?, ?, ?)[0m  [["name", "Nail Painting Party"], ["location", "Hub House"], ["created_at", "2016-03-21 23:47:28.833617"], ["updated_at", "2016-03-21 23:47:28.833617"]]
  [1m[35m (1.3ms)[0m  commit transaction
Redirected to http://localhost:3000/events/2
Completed 302 Found in 5ms (ActiveRecord: 1.6ms)


Started GET "/events/2" for ::1 at 2016-03-21 19:47:28 -0400
Processing by EventsController#show as HTML
  Parameters: {"id"=>"2"}
  [1m[36mEvent Load (0.1ms)[0m  [1mSELECT  "events".* FROM "events" WHERE "events"."id" = ? LIMIT 1[0m  [["id", 2]]
  Rendered events/show.html.erb within layouts/application (0.6ms)
Completed 200 OK in 26ms (Views: 24.5ms | ActiveRecord: 0.1ms)


Started GET "/events" for ::1 at 2016-03-21 19:47:31 -0400
Processing by EventsController#index as HTML
  [1m[35mEvent Load (0.1ms)[0m  SELECT "events".* FROM "events"
  Rendered events/index.html.erb within layouts/application (1.5ms)
Completed 200 OK in 21ms (Views: 20.8ms | ActiveRecord: 0.1ms)


Started GET "/events/new" for ::1 at 2016-03-21 19:47:35 -0400
Processing by EventsController#new as HTML
  Rendered events/_form.html.erb (1.1ms)
  Rendered events/new.html.erb within layouts/application (2.6ms)
Completed 200 OK in 17ms (Views: 16.7ms | ActiveRecord: 0.0ms)


Started POST "/events" for ::1 at 2016-03-21 19:47:54 -0400
Processing by EventsController#create as HTML
  Parameters: {"utf8"=>"✓", "authenticity_token"=>"wqUnCIw1bmjByZpmKDJEa2wDdtGzZj8hmVRlEE+8QCVLNjPSAoDC7o4iNqEeOyYqcZU+e+GgGVwONv3gCskN3g==", "event"=>{"name"=>"Move-out", "location"=>"Boston"}, "commit"=>"Create Event"}
  [1m[36m (0.1ms)[0m  [1mbegin transaction[0m
  [1m[35mSQL (0.2ms)[0m  INSERT INTO "events" ("name", "location", "created_at", "updated_at") VALUES (?, ?, ?, ?)  [["name", "Move-out"], ["location", "Boston"], ["created_at", "2016-03-21 23:47:54.287554"], ["updated_at", "2016-03-21 23:47:54.287554"]]
  [1m[36m (1.4ms)[0m  [1mcommit transaction[0m
Redirected to http://localhost:3000/events/3
Completed 302 Found in 4ms (ActiveRecord: 1.6ms)


Started GET "/events/3" for ::1 at 2016-03-21 19:47:54 -0400
Processing by EventsController#show as HTML
  Parameters: {"id"=>"3"}
  [1m[35mEvent Load (0.1ms)[0m  SELECT  "events".* FROM "events" WHERE "events"."id" = ? LIMIT 1  [["id", 3]]
  Rendered events/show.html.erb within layouts/application (0.3ms)
Completed 200 OK in 14ms (Views: 13.5ms | ActiveRecord: 0.1ms)


Started GET "/events" for ::1 at 2016-03-21 19:47:56 -0400
Processing by EventsController#index as HTML
  [1m[36mEvent Load (0.1ms)[0m  [1mSELECT "events".* FROM "events"[0m
  Rendered events/index.html.erb within layouts/application (1.2ms)
Completed 200 OK in 21ms (Views: 20.0ms | ActiveRecord: 0.1ms)


Started GET "/events" for ::1 at 2016-03-21 19:51:49 -0400
  [1m[36mActiveRecord::SchemaMigration Load (0.3ms)[0m  [1mSELECT "schema_migrations".* FROM "schema_migrations"[0m
Processing by EventsController#index as HTML
  [1m[35mEvent Load (0.1ms)[0m  SELECT "events".* FROM "events"
  Rendered events/index.html.erb within layouts/application (7.8ms)
Completed 200 OK in 246ms (Views: 234.9ms | ActiveRecord: 0.4ms)


Started GET "/events" for ::1 at 2016-03-21 19:53:50 -0400
Processing by EventsController#index as HTML
  [1m[36mEvent Load (0.1ms)[0m  [1mSELECT "events".* FROM "events"[0m
  Rendered events/index.html.erb within layouts/application (1.3ms)
  Rendered layouts/_menu_list.html.erb (0.3ms)
Completed 200 OK in 20ms (Views: 19.4ms | ActiveRecord: 0.1ms)


Started GET "/events/1" for ::1 at 2016-03-21 19:53:53 -0400
Processing by EventsController#show as HTML
  Parameters: {"id"=>"1"}
  [1m[35mEvent Load (0.2ms)[0m  SELECT  "events".* FROM "events" WHERE "events"."id" = ? LIMIT 1  [["id", 1]]
  Rendered events/show.html.erb within layouts/application (0.6ms)
  Rendered layouts/_menu_list.html.erb (0.3ms)
Completed 200 OK in 25ms (Views: 14.8ms | ActiveRecord: 0.2ms)


Started GET "/events" for ::1 at 2016-03-21 19:53:55 -0400
Processing by EventsController#index as HTML
  [1m[36mEvent Load (0.2ms)[0m  [1mSELECT "events".* FROM "events"[0m
  Rendered events/index.html.erb within layouts/application (1.9ms)
  Rendered layouts/_menu_list.html.erb (0.0ms)
Completed 200 OK in 19ms (Views: 18.5ms | ActiveRecord: 0.2ms)


Started GET "/events/new" for ::1 at 2016-03-21 19:53:56 -0400
Processing by EventsController#new as HTML
  Rendered events/_form.html.erb (48.2ms)
  Rendered events/new.html.erb within layouts/application (50.6ms)
  Rendered layouts/_menu_list.html.erb (0.0ms)
Completed 200 OK in 70ms (Views: 69.8ms | ActiveRecord: 0.0ms)


Started GET "/events" for ::1 at 2016-03-21 19:53:58 -0400
Processing by EventsController#index as HTML
  [1m[35mEvent Load (0.2ms)[0m  SELECT "events".* FROM "events"
  Rendered events/index.html.erb within layouts/application (1.7ms)
  Rendered layouts/_menu_list.html.erb (0.1ms)
Completed 200 OK in 17ms (Views: 16.3ms | ActiveRecord: 0.2ms)


Started GET "/events" for ::1 at 2016-03-21 19:59:23 -0400
Processing by EventsController#index as HTML
  [1m[36mEvent Load (0.3ms)[0m  [1mSELECT "events".* FROM "events"[0m
  Rendered events/index.html.erb within layouts/application (2.0ms)
  Rendered layouts/_menu_list.html.erb (0.0ms)
  Rendered layouts/_flash.html.erb (0.4ms)
  Rendered layouts/_sidebar.html.erb (0.4ms)
Completed 200 OK in 24ms (Views: 23.0ms | ActiveRecord: 0.3ms)


Started GET "/events/1" for ::1 at 2016-03-21 19:59:28 -0400
Processing by EventsController#show as HTML
  Parameters: {"id"=>"1"}
  [1m[35mEvent Load (0.1ms)[0m  SELECT  "events".* FROM "events" WHERE "events"."id" = ? LIMIT 1  [["id", 1]]
  Rendered events/show.html.erb within layouts/application (0.3ms)
  Rendered layouts/_menu_list.html.erb (0.0ms)
  Rendered layouts/_flash.html.erb (0.9ms)
  Rendered layouts/_sidebar.html.erb (0.8ms)
Completed 200 OK in 28ms (Views: 27.5ms | ActiveRecord: 0.1ms)


Started GET "/events" for ::1 at 2016-03-21 19:59:30 -0400
Processing by EventsController#index as HTML
  [1m[36mEvent Load (0.1ms)[0m  [1mSELECT "events".* FROM "events"[0m
  Rendered events/index.html.erb within layouts/application (1.6ms)
  Rendered layouts/_menu_list.html.erb (0.0ms)
  Rendered layouts/_flash.html.erb (0.0ms)
  Rendered layouts/_sidebar.html.erb (0.0ms)
Completed 200 OK in 26ms (Views: 25.3ms | ActiveRecord: 0.1ms)


Started GET "/events" for ::1 at 2016-03-21 19:59:40 -0400
  [1m[36mActiveRecord::SchemaMigration Load (0.1ms)[0m  [1mSELECT "schema_migrations".* FROM "schema_migrations"[0m
Processing by EventsController#index as HTML
  [1m[35mEvent Load (0.1ms)[0m  SELECT "events".* FROM "events"
  Rendered events/index.html.erb within layouts/application (7.8ms)
  Rendered layouts/_menu_list.html.erb (0.4ms)
  Rendered layouts/_flash.html.erb (0.3ms)
  Rendered layouts/_sidebar.html.erb (0.2ms)
Completed 200 OK in 248ms (Views: 237.3ms | ActiveRecord: 0.3ms)


Started GET "/events/3" for ::1 at 2016-03-21 19:59:53 -0400
Processing by EventsController#show as HTML
  Parameters: {"id"=>"3"}
  [1m[36mEvent Load (0.2ms)[0m  [1mSELECT  "events".* FROM "events" WHERE "events"."id" = ? LIMIT 1[0m  [["id", 3]]
  Rendered events/show.html.erb within layouts/application (0.7ms)
  Rendered layouts/_menu_list.html.erb (0.3ms)
  Rendered layouts/_flash.html.erb (0.3ms)
  Rendered layouts/_sidebar.html.erb (0.3ms)
Completed 200 OK in 30ms (Views: 20.3ms | ActiveRecord: 0.2ms)


Started GET "/events" for ::1 at 2016-03-21 19:59:56 -0400
Processing by EventsController#index as HTML
  [1m[35mEvent Load (0.2ms)[0m  SELECT "events".* FROM "events"
  Rendered events/index.html.erb within layouts/application (1.8ms)
  Rendered layouts/_menu_list.html.erb (0.0ms)
  Rendered layouts/_flash.html.erb (0.0ms)
  Rendered layouts/_sidebar.html.erb (0.0ms)
Completed 200 OK in 21ms (Views: 20.5ms | ActiveRecord: 0.2ms)


Started GET "/events" for ::1 at 2016-03-21 20:02:02 -0400
Processing by EventsController#index as HTML
  [1m[36mEvent Load (0.1ms)[0m  [1mSELECT "events".* FROM "events"[0m
  Rendered events/index.html.erb within layouts/application (1.2ms)
  Rendered layouts/_menu_list.html.erb (0.1ms)
  Rendered layouts/_flash.html.erb (0.0ms)
  Rendered layouts/_sidebar.html.erb (0.3ms)
Completed 200 OK in 21ms (Views: 19.9ms | ActiveRecord: 0.1ms)


Started GET "/events/2" for ::1 at 2016-03-21 20:02:07 -0400
Processing by EventsController#show as HTML
  Parameters: {"id"=>"2"}
  [1m[35mEvent Load (0.1ms)[0m  SELECT  "events".* FROM "events" WHERE "events"."id" = ? LIMIT 1  [["id", 2]]
  Rendered events/show.html.erb within layouts/application (0.2ms)
  Rendered layouts/_menu_list.html.erb (0.0ms)
  Rendered layouts/_flash.html.erb (0.0ms)
  Rendered layouts/_sidebar.html.erb (0.5ms)
Completed 200 OK in 39ms (Views: 37.7ms | ActiveRecord: 0.1ms)


Started GET "/events" for ::1 at 2016-03-21 20:02:09 -0400
Processing by EventsController#index as HTML
  [1m[36mEvent Load (0.1ms)[0m  [1mSELECT "events".* FROM "events"[0m
  Rendered events/index.html.erb within layouts/application (1.7ms)
  Rendered layouts/_menu_list.html.erb (0.0ms)
  Rendered layouts/_flash.html.erb (0.0ms)
  Rendered layouts/_sidebar.html.erb (0.0ms)
Completed 200 OK in 26ms (Views: 25.6ms | ActiveRecord: 0.1ms)


Started GET "/events" for ::1 at 2016-03-21 20:03:45 -0400
Processing by EventsController#index as HTML
  [1m[35mEvent Load (0.1ms)[0m  SELECT "events".* FROM "events"
  Rendered events/index.html.erb within layouts/application (1.4ms)
  Rendered layouts/_menu_list.html.erb (0.0ms)
  Rendered layouts/_flash.html.erb (0.0ms)
  Rendered layouts/_sidebar.html.erb (0.0ms)
Completed 200 OK in 20ms (Views: 19.2ms | ActiveRecord: 0.1ms)


Started GET "/events/3" for ::1 at 2016-03-21 20:03:50 -0400
Processing by EventsController#show as HTML
  Parameters: {"id"=>"3"}
  [1m[36mEvent Load (0.1ms)[0m  [1mSELECT  "events".* FROM "events" WHERE "events"."id" = ? LIMIT 1[0m  [["id", 3]]
  Rendered events/show.html.erb within layouts/application (0.3ms)
  Rendered layouts/_menu_list.html.erb (0.0ms)
  Rendered layouts/_flash.html.erb (0.0ms)
  Rendered layouts/_sidebar.html.erb (0.0ms)
Completed 200 OK in 19ms (Views: 18.6ms | ActiveRecord: 0.1ms)


Started GET "/events" for ::1 at 2016-03-21 20:03:55 -0400
Processing by EventsController#index as HTML
  [1m[35mEvent Load (0.2ms)[0m  SELECT "events".* FROM "events"
  Rendered events/index.html.erb within layouts/application (1.5ms)
  Rendered layouts/_menu_list.html.erb (0.0ms)
  Rendered layouts/_flash.html.erb (0.0ms)
  Rendered layouts/_sidebar.html.erb (0.6ms)
Completed 200 OK in 29ms (Views: 28.0ms | ActiveRecord: 0.2ms)


Started GET "/events" for ::1 at 2016-03-21 20:04:40 -0400
Processing by EventsController#index as HTML
  [1m[36mEvent Load (0.1ms)[0m  [1mSELECT "events".* FROM "events"[0m
  Rendered events/index.html.erb within layouts/application (2.2ms)
  Rendered layouts/_menu_list.html.erb (0.0ms)
  Rendered layouts/_flash.html.erb (0.0ms)
  Rendered layouts/_sidebar.html.erb (0.0ms)
Completed 200 OK in 33ms (Views: 31.5ms | ActiveRecord: 0.1ms)


Started GET "/events/3" for ::1 at 2016-03-21 20:04:42 -0400
Processing by EventsController#show as HTML
  Parameters: {"id"=>"3"}
  [1m[35mEvent Load (0.1ms)[0m  SELECT  "events".* FROM "events" WHERE "events"."id" = ? LIMIT 1  [["id", 3]]
  Rendered events/show.html.erb within layouts/application (0.2ms)
  Rendered layouts/_menu_list.html.erb (0.0ms)
  Rendered layouts/_flash.html.erb (0.0ms)
  Rendered layouts/_sidebar.html.erb (0.0ms)
Completed 200 OK in 26ms (Views: 24.4ms | ActiveRecord: 0.1ms)


Started GET "/events" for ::1 at 2016-03-21 20:04:45 -0400
Processing by EventsController#index as HTML
  [1m[36mEvent Load (0.1ms)[0m  [1mSELECT "events".* FROM "events"[0m
  Rendered events/index.html.erb within layouts/application (2.3ms)
  Rendered layouts/_menu_list.html.erb (0.0ms)
  Rendered layouts/_flash.html.erb (0.0ms)
  Rendered layouts/_sidebar.html.erb (0.0ms)
Completed 200 OK in 28ms (Views: 26.9ms | ActiveRecord: 0.1ms)


Started GET "/events" for ::1 at 2016-03-21 20:04:58 -0400
Processing by EventsController#index as HTML
  [1m[35mEvent Load (0.1ms)[0m  SELECT "events".* FROM "events"
  Rendered events/index.html.erb within layouts/application (1.4ms)
  Rendered layouts/_menu_list.html.erb (0.0ms)
  Rendered layouts/_flash.html.erb (0.0ms)
  Rendered layouts/_sidebar.html.erb (0.0ms)
Completed 200 OK in 25ms (Views: 23.9ms | ActiveRecord: 0.1ms)


Started GET "/events/3" for ::1 at 2016-03-21 20:05:06 -0400
Processing by EventsController#show as HTML
  Parameters: {"id"=>"3"}
  [1m[36mEvent Load (0.1ms)[0m  [1mSELECT  "events".* FROM "events" WHERE "events"."id" = ? LIMIT 1[0m  [["id", 3]]
  Rendered events/show.html.erb within layouts/application (0.2ms)
  Rendered layouts/_menu_list.html.erb (0.1ms)
  Rendered layouts/_flash.html.erb (0.0ms)
  Rendered layouts/_sidebar.html.erb (0.1ms)
Completed 200 OK in 20ms (Views: 19.2ms | ActiveRecord: 0.1ms)


Started GET "/events/3" for ::1 at 2016-03-21 20:05:14 -0400
Processing by EventsController#show as HTML
  Parameters: {"id"=>"3"}
  [1m[35mEvent Load (0.1ms)[0m  SELECT  "events".* FROM "events" WHERE "events"."id" = ? LIMIT 1  [["id", 3]]
  Rendered events/show.html.erb within layouts/application (0.7ms)
  Rendered layouts/_menu_list.html.erb (0.0ms)
  Rendered layouts/_flash.html.erb (0.0ms)
  Rendered layouts/_sidebar.html.erb (0.0ms)
Completed 200 OK in 18ms (Views: 16.8ms | ActiveRecord: 0.1ms)


Started GET "/events" for ::1 at 2016-03-21 20:05:17 -0400
Processing by EventsController#index as HTML
  [1m[36mEvent Load (0.1ms)[0m  [1mSELECT "events".* FROM "events"[0m
  Rendered events/index.html.erb within layouts/application (1.3ms)
  Rendered layouts/_menu_list.html.erb (0.0ms)
  Rendered layouts/_flash.html.erb (0.1ms)
  Rendered layouts/_sidebar.html.erb (0.0ms)
Completed 200 OK in 18ms (Views: 17.6ms | ActiveRecord: 0.1ms)


Started GET "/events/2" for ::1 at 2016-03-21 20:05:19 -0400
Processing by EventsController#show as HTML
  Parameters: {"id"=>"2"}
  [1m[35mEvent Load (0.1ms)[0m  SELECT  "events".* FROM "events" WHERE "events"."id" = ? LIMIT 1  [["id", 2]]
  Rendered events/show.html.erb within layouts/application (0.2ms)
  Rendered layouts/_menu_list.html.erb (0.0ms)
  Rendered layouts/_flash.html.erb (0.1ms)
  Rendered layouts/_sidebar.html.erb (0.0ms)
Completed 200 OK in 17ms (Views: 16.3ms | ActiveRecord: 0.1ms)


Started GET "/events" for ::1 at 2016-03-21 20:05:21 -0400
Processing by EventsController#index as HTML
  [1m[36mEvent Load (0.2ms)[0m  [1mSELECT "events".* FROM "events"[0m
  Rendered events/index.html.erb within layouts/application (1.2ms)
  Rendered layouts/_menu_list.html.erb (0.0ms)
  Rendered layouts/_flash.html.erb (0.0ms)
  Rendered layouts/_sidebar.html.erb (0.0ms)
Completed 200 OK in 21ms (Views: 19.9ms | ActiveRecord: 0.2ms)


Started GET "/events" for ::1 at 2016-03-21 20:08:26 -0400
Processing by EventsController#index as HTML
  [1m[35mEvent Load (0.1ms)[0m  SELECT "events".* FROM "events"
  Rendered events/index.html.erb within layouts/application (1.6ms)
  Rendered layouts/_menu_list.html.erb (0.0ms)
  Rendered layouts/_flash.html.erb (0.0ms)
  Rendered layouts/_sidebar.html.erb (0.0ms)
  Rendered layouts/_menu_list.html.erb (0.0ms)
  Rendered layouts/_menu_list.html.erb (0.1ms)
  Rendered layouts/_menu_list.html.erb (0.0ms)
Completed 200 OK in 26ms (Views: 25.0ms | ActiveRecord: 0.1ms)


Started GET "/events" for ::1 at 2016-03-21 20:10:50 -0400
Processing by EventsController#index as HTML
  [1m[36mEvent Load (0.1ms)[0m  [1mSELECT "events".* FROM "events"[0m
  Rendered events/index.html.erb within layouts/application (15.1ms)
Completed 500 Internal Server Error in 21ms (ActiveRecord: 0.1ms)

ActionView::Template::Error (Missing partial events/_event, application/_event with {:locale=>[:en], :formats=>[:html], :variants=>[], :handlers=>[:erb, :builder, :raw, :ruby, :coffee, :jbuilder]}. Searched in:
  * "/Users/Andromeda/Google-Drive/Kamilleski/launch-academy-challenges/event_tracker/app/views"
):
    12:   </thead>
    13: 
    14:   <tbody>
    15:     <%= render partial: "event", collection: @events %>
    16:   </tbody>
    17: </table>
    18: 
  app/views/events/index.html.erb:15:in `_app_views_events_index_html_erb__2506839430489444225_70283113622240'


  Rendered /Users/Andromeda/.gem/ruby/2.2.3/gems/actionpack-4.2.6/lib/action_dispatch/middleware/templates/rescues/_source.erb (5.4ms)
  Rendered /Users/Andromeda/.gem/ruby/2.2.3/gems/actionpack-4.2.6/lib/action_dispatch/middleware/templates/rescues/_trace.html.erb (3.7ms)
  Rendered /Users/Andromeda/.gem/ruby/2.2.3/gems/actionpack-4.2.6/lib/action_dispatch/middleware/templates/rescues/_request_and_response.html.erb (1.0ms)
  Rendered /Users/Andromeda/.gem/ruby/2.2.3/gems/actionpack-4.2.6/lib/action_dispatch/middleware/templates/rescues/template_error.html.erb within rescues/layout (60.3ms)
  Rendered /Users/Andromeda/.gem/ruby/2.2.3/gems/web-console-2.3.0/lib/web_console/templates/_markup.html.erb (0.6ms)
  Rendered /Users/Andromeda/.gem/ruby/2.2.3/gems/web-console-2.3.0/lib/web_console/templates/_inner_console_markup.html.erb within layouts/inlined_string (0.4ms)
  Rendered /Users/Andromeda/.gem/ruby/2.2.3/gems/web-console-2.3.0/lib/web_console/templates/_prompt_box_markup.html.erb within layouts/inlined_string (0.4ms)
  Rendered /Users/Andromeda/.gem/ruby/2.2.3/gems/web-console-2.3.0/lib/web_console/templates/style.css.erb within layouts/inlined_string (0.4ms)
  Rendered /Users/Andromeda/.gem/ruby/2.2.3/gems/web-console-2.3.0/lib/web_console/templates/console.js.erb within layouts/javascript (63.7ms)
  Rendered /Users/Andromeda/.gem/ruby/2.2.3/gems/web-console-2.3.0/lib/web_console/templates/main.js.erb within layouts/javascript (0.3ms)
  Rendered /Users/Andromeda/.gem/ruby/2.2.3/gems/web-console-2.3.0/lib/web_console/templates/error_page.js.erb within layouts/javascript (0.5ms)
  Rendered /Users/Andromeda/.gem/ruby/2.2.3/gems/web-console-2.3.0/lib/web_console/templates/index.html.erb (130.6ms)


Started GET "/events" for ::1 at 2016-03-21 20:11:58 -0400
Processing by EventsController#index as HTML
  [1m[35mEvent Load (0.1ms)[0m  SELECT "events".* FROM "events"
  Rendered events/index.html.erb within layouts/application (4.6ms)
Completed 500 Internal Server Error in 9ms (ActiveRecord: 0.1ms)

ActionView::Template::Error (Missing partial events/_event, application/_event with {:locale=>[:en], :formats=>[:html], :variants=>[], :handlers=>[:erb, :builder, :raw, :ruby, :coffee, :jbuilder]}. Searched in:
  * "/Users/Andromeda/Google-Drive/Kamilleski/launch-academy-challenges/event_tracker/app/views"
):
    13: 
    14:   <tbody>
    15:     <% @events.each do |event| %>
    16:       <%= render partial: "event", object: event %>
    17:     <% end %>
    18:   </tbody>
    19: </table>
  app/views/events/index.html.erb:16:in `block in _app_views_events_index_html_erb__2506839430489444225_70283126232120'
  app/views/events/index.html.erb:15:in `_app_views_events_index_html_erb__2506839430489444225_70283126232120'


  Rendered /Users/Andromeda/.gem/ruby/2.2.3/gems/actionpack-4.2.6/lib/action_dispatch/middleware/templates/rescues/_source.erb (7.0ms)
  Rendered /Users/Andromeda/.gem/ruby/2.2.3/gems/actionpack-4.2.6/lib/action_dispatch/middleware/templates/rescues/_trace.html.erb (2.1ms)
  Rendered /Users/Andromeda/.gem/ruby/2.2.3/gems/actionpack-4.2.6/lib/action_dispatch/middleware/templates/rescues/_request_and_response.html.erb (0.9ms)
  Rendered /Users/Andromeda/.gem/ruby/2.2.3/gems/actionpack-4.2.6/lib/action_dispatch/middleware/templates/rescues/template_error.html.erb within rescues/layout (48.1ms)
  Rendered /Users/Andromeda/.gem/ruby/2.2.3/gems/web-console-2.3.0/lib/web_console/templates/_markup.html.erb (0.3ms)
  Rendered /Users/Andromeda/.gem/ruby/2.2.3/gems/web-console-2.3.0/lib/web_console/templates/_inner_console_markup.html.erb within layouts/inlined_string (0.2ms)
  Rendered /Users/Andromeda/.gem/ruby/2.2.3/gems/web-console-2.3.0/lib/web_console/templates/_prompt_box_markup.html.erb within layouts/inlined_string (0.5ms)
  Rendered /Users/Andromeda/.gem/ruby/2.2.3/gems/web-console-2.3.0/lib/web_console/templates/style.css.erb within layouts/inlined_string (0.2ms)
  Rendered /Users/Andromeda/.gem/ruby/2.2.3/gems/web-console-2.3.0/lib/web_console/templates/console.js.erb within layouts/javascript (35.8ms)
  Rendered /Users/Andromeda/.gem/ruby/2.2.3/gems/web-console-2.3.0/lib/web_console/templates/main.js.erb within layouts/javascript (0.2ms)
  Rendered /Users/Andromeda/.gem/ruby/2.2.3/gems/web-console-2.3.0/lib/web_console/templates/error_page.js.erb within layouts/javascript (0.3ms)
  Rendered /Users/Andromeda/.gem/ruby/2.2.3/gems/web-console-2.3.0/lib/web_console/templates/index.html.erb (79.7ms)


Started GET "/events" for ::1 at 2016-03-21 20:12:16 -0400
Processing by EventsController#index as HTML
  [1m[36mEvent Load (0.2ms)[0m  [1mSELECT "events".* FROM "events"[0m
  Rendered layouts/_event.html.erb (0.7ms)
  Rendered layouts/_event.html.erb (0.2ms)
  Rendered layouts/_event.html.erb (0.2ms)
  Rendered events/index.html.erb within layouts/application (5.8ms)
  Rendered layouts/_menu_list.html.erb (0.0ms)
  Rendered layouts/_flash.html.erb (0.1ms)
  Rendered layouts/_sidebar.html.erb (0.0ms)
Completed 200 OK in 24ms (Views: 23.1ms | ActiveRecord: 0.2ms)


Started GET "/events" for ::1 at 2016-03-21 20:12:52 -0400
Processing by EventsController#index as HTML
  [1m[35mEvent Load (0.1ms)[0m  SELECT "events".* FROM "events"
  Rendered layouts/_event.html.erb (1.0ms)
  Rendered events/index.html.erb within layouts/application (3.0ms)
  Rendered layouts/_menu_list.html.erb (0.0ms)
  Rendered layouts/_flash.html.erb (0.0ms)
  Rendered layouts/_sidebar.html.erb (0.0ms)
Completed 200 OK in 23ms (Views: 22.0ms | ActiveRecord: 0.1ms)
